Jan 31 00:09:39 ubuntu.local ticky: INFO Created ticket [#4217] (mdouglas)
Jan 31 00:16:25 ubuntu.local ticky: INFO Closed ticket [#1754] (noel)
Jan 31 00:21:30 ubuntu.local ticky: ERROR The ticket was modified while updating (breee)
Jan 31 00:44:34 ubuntu.local ticky: ERROR Permission denied while closing ticket (ac)
Jan 31 01:00:50 ubuntu.local ticky: INFO Commented on ticket [#4709] (blossom)
Jan 31 01:29:16 ubuntu.local ticky: INFO Commented on ticket [#6518] (rr.robinson)
Jan 31 01:33:12 ubuntu.local ticky: ERROR Tried to add information to closed ticket (mcintosh)
Jan 31 01:43:10 ubuntu.local ticky: ERROR Tried to add information to closed ticket (jackowens)
Jan 31 01:49:29 ubuntu.local ticky: ERROR Tried to add information to closed ticket (mdouglas)
Jan 31 02:30:04 ubuntu.local ticky: ERROR Timeout while retrieving information (oren)
Jan 31 02:55:31 ubuntu.local ticky: ERROR Ticket doesn't exist (xlg)
Jan 31 03:05:35 ubuntu.local ticky: ERROR Timeout while retrieving information (ahmed.miller)
Jan 31 03:08:55 ubuntu.local ticky: ERROR Ticket doesn't exist (blossom)
Jan 31 03:39:27 ubuntu.local ticky: ERROR The ticket was modified while updating (bpacheco)
Jan 31 04:11:32 ubuntu.local ticky: ERROR Tried to add information to closed ticket (oren)
Jan 31 04:31:49 ubuntu.local ticky: INFO Created ticket [#3456] (sri)
Jan 31 05:12:39 ubuntu.local ticky: ERROR Tried to add information to closed ticket (oren)
Jan 31 05:18:45 ubuntu.local ticky: ERROR Tried to add information to closed ticket (sri)
Jan 31 06:01:10 ubuntu.local ticky: INFO Closed ticket [#2209] (ahmed.miller)
Jan 31 06:15:22 ubuntu.local ticky: ERROR Connection to DB failed (blossom)
Jan 31 07:00:05 ubuntu.local ticky: INFO Created ticket [#5521] (oren)
Jan 31 07:30:11 ubuntu.local ticky: ERROR Permission denied while closing ticket (breee)
Jan 31 08:01:40 ubuntu.local ticky: ERROR Tried to add information to closed ticket (jackowens)
Jan 31 08:45:00 ubuntu.local ticky: INFO Commented on ticket [#1234] (noel)
Jan 31 09:04:27 ubuntu.local ticky: ERROR Tried to add information to closed ticket (noel)
Jan 31 09:30:15 ubuntu.local ticky: ERROR Connection to DB failed (mdouglas)
Jan 31 10:00:00 ubuntu.local ticky: INFO Created ticket [#9981] (blossom)
Jan 31 10:22:18 ubuntu.local ticky: ERROR Timeout while retrieving information (xlg)
Jan 31 11:05:33 ubuntu.local ticky: INFO Closed ticket [#4217] (rr.robinson)
Jan 31 11:45:40 ubuntu.local ticky: ERROR Connection to DB failed (ac)